[debug] [2025-08-12T17:52:10.662Z] ----------------------------------------------------------------------
[debug] [2025-08-12T17:52:10.667Z] Command:       C:\Program Files\nodejs\node.exe C:\Users\gaura\AppData\Roaming\npm\node_modules\firebase-tools\lib\bin\firebase.js init
[debug] [2025-08-12T17:52:10.668Z] CLI Version:   14.12.0
[debug] [2025-08-12T17:52:10.669Z] Platform:      win32
[debug] [2025-08-12T17:52:10.669Z] Node Version:  v20.17.0
[debug] [2025-08-12T17:52:10.669Z] Time:          Tue Aug 12 2025 23:22:10 GMT+0530 (India Standard Time)
[debug] [2025-08-12T17:52:10.670Z] ----------------------------------------------------------------------
[debug] 
[debug] [2025-08-12T17:52:10.676Z] >>> [apiv2][query] GET https://firebase-public.firebaseio.com/cli.json [none]
[debug] [2025-08-12T17:52:10.773Z] > command requires scopes: ["email","openid","https://www.googleapis.com/auth/cloudplatformprojects.readonly","https://www.googleapis.com/auth/firebase","https://www.googleapis.com/auth/cloud-platform"]
[debug] [2025-08-12T17:52:10.774Z] > authorizing via signed-in user (chaudharymangat5@gmail.com)
[info] 
     ######## #### ########  ######## ########     ###     ######  ########
     ##        ##  ##     ## ##       ##     ##  ##   ##  ##       ##
     ######    ##  ########  ######   ########  #########  ######  ######
     ##        ##  ##    ##  ##       ##     ## ##     ##       ## ##
     ##       #### ##     ## ######## ########  ##     ##  ######  ########

You're about to initialize a Firebase project in this directory:

  C:\Users\gaura\Desktop\science-notes

[debug] [2025-08-12T17:52:11.750Z] <<< [apiv2][status] GET https://firebase-public.firebaseio.com/cli.json 200
[debug] [2025-08-12T17:52:11.751Z] <<< [apiv2][body] GET https://firebase-public.firebaseio.com/cli.json {"cloudBuildErrorAfter":1594252800000,"cloudBuildWarnAfter":1590019200000,"defaultNode10After":1594252800000,"minVersion":"3.0.5","node8DeploysDisabledAfter":1613390400000,"node8RuntimeDisabledAfter":1615809600000,"node8WarnAfter":1600128000000}
[debug] [2025-08-12T17:52:12.173Z] ExitPromptError: User force closed the prompt with SIGINT
    at Interface.sigint (C:\Users\gaura\AppData\Roaming\npm\node_modules\firebase-tools\node_modules\@inquirer\core\dist\commonjs\lib\create-prompt.js:101:37)
    at Interface.emit (node:events:519:28)
    at Interface.emit (node:domain:488:12)
    at [_ttyWrite] [as _ttyWrite] (node:internal/readline/interface:1126:18)
    at ReadStream.onkeypress (node:internal/readline/interface:265:20)
    at ReadStream.emit (node:events:531:35)
    at ReadStream.emit (node:domain:488:12)
    at emitKeys (node:internal/readline/utils:371:14)
    at emitKeys.next (<anonymous>)
    at ReadStream.onData (node:internal/readline/emitKeypressEvents:64:36)
[error] 
[error] Error: An unexpected error has occurred.
